make.exe all --print-data-base --no-builtin-variables --no-builtin-rules --question
# GNU Make 3.81
# Copyright (C) 2006  Free Software Foundation, Inc.
# This is free software; see the source for copying conditions.
# There is NO warranty; not even for MERCHANTABILITY or FITNESS FOR A
# PARTICULAR PURPOSE.

# This program built for i386-pc-mingw32
 

# Make data base, printed on Sat Jun 26 18:28:38 2021

# Variables

# automatic
<D = $(patsubst %/,%,$(dir $<))
# automatic
?F = $(notdir $?)
# makefile
MAKEFLAGS = Rrqp
# environment
VSCODE_LOG_NATIVE = false
# automatic
?D = $(patsubst %/,%,$(dir $?))
# automatic
@D = $(patsubst %/,%,$(dir $@))
# environment
HOMEDRIVE = C:
# automatic
@F = $(notdir $@)
# automatic
^D = $(patsubst %/,%,$(dir $^))
# makefile
CURDIR := c:/CS492_programming_assignments
# default
SHELL := sh.exe
# environment
WINDIR = C:\WINDOWS
# environment
VSCODE_NLS_CONFIG = {"locale":"en","availableLanguages":{},"_languagePackSupport":true}
# environment
ONEDRIVE = C:\Users\satoru\OneDrive - lanecc.edu
# environment
PATHEXT = .COM;.EXE;.BAT;.CMD;.VBS;.VBE;.JS;.JSE;.WSF;.WSH;.MSC
# makefile
MAKEFILE_LIST := 
# environment
VSCODE_NODE_CACHED_DATA_DIR = C:\Users\satoru\AppData\Roaming\Code\CachedData\507ce72a4466fbb27b715c3722558bb15afa9f48
# environment
TMP = C:\Users\satoru\AppData\Local\Temp
# environment
VSCODE_VERBOSE_LOGGING = true
# environment
PROGRAMW6432 = C:\Program Files
# environment
PROGRAMDATA = C:\ProgramData
# environment
VSCODE_IPC_HOOK_EXTHOST = \\.\pipe\vscode-ipc-8edb9c12-df4e-4d9e-8aa3-8b72d02209b2-sock
# environment
VSCODE_CWD = C:\
# environment
PATH = C:\Program Files (x86)\Common Files\Oracle\Java\javapath;C:\WINDOWS\system32;C:\WINDOWS;C:\WINDOWS\System32\Wbem;C:\WINDOWS\System32\WindowsPowerShell\v1.0\;C:\WINDOWS\System32\OpenSSH\;C:\Program Files (x86)\PuTTY\;C:\Program Files\nodejs\;C:\lua_files;C:\Program Files\Git\cmd;C:\Program Files\Microsoft SQL Server\130\Tools\Binn\;C:\ProgramData\chocolatey\bin;C:\Users\satoru\AppData\Local\Programs\Python\Python39\Scripts\;C:\Users\satoru\AppData\Local\Programs\Python\Python39\;C:\Users\satoru\AppData\Local\Microsoft\WindowsApps;C:\Program Files (x86)\Vim;C:\Users\satoru\.dotnet\tools;C:\Users\satoru\AppData\Local\atom\bin;C:\Users\satoru\AppData\Local\GitHubDesktop\bin;C:\Users\satoru\AppData\Roaming\npm;C:\MinGW\bin;C:\Users\satoru\AppData\Local\Programs\Microsoft VS Code\bin;C:\Users\satoru\AppData\Local\Microsoft\WindowsApps;C:\Program Files\7-Zip;C:\Users\satoru\AppData\Roaming\cabal\bin;C:\tools\ghc-9.0.1\bin;C:\tools\msys64;C:\Program Files (x86)\GnuWin32\bin;C:\Program Files\heroku\bin;C:\flutter\bin;
# environment
COMMONPROGRAMW6432 = C:\Program Files\Common Files
# environment
ZES_ENABLE_SYSMAN = 1
# environment
CHOCOLATEYLASTPATHUPDATE = 132616441737563681
# environment
PROCESSOR_ARCHITECTURE = x86
# environment
USERPROFILE = C:\Users\satoru
# environment
CHOCOLATEYINSTALL = C:\ProgramData\chocolatey
# environment
ALLUSERSPROFILE = C:\ProgramData
# environment
VSCODE_LOG_STACK = false
# environment
NUMBER_OF_PROCESSORS = 8
# environment
ELECTRON_RUN_AS_NODE = 1
# default
.FEATURES := target-specific order-only second-expansion else-if archives
# automatic
%F = $(notdir $%)
# environment
CHROME_CRASHPAD_PIPE_NAME = \\.\pipe\crashpad_20692_UICZCFANYOEYTJVR
# environment
VSCODE_PIPE_LOGGING = true
# environment
COMPUTERNAME = DESKTOP-MGUK4JU
# environment
PROGRAMFILES = C:\Program Files (x86)
# environment
DRIVERDATA = C:\Windows\System32\Drivers\DriverData
# environment
ORIGINAL_XDG_CURRENT_DESKTOP = undefined
# environment
USERNAME = satoru
# environment
PUBLIC = C:\Users\Public
# environment
VSCODE_AMD_ENTRYPOINT = vs/workbench/services/extensions/node/extensionHostProcess
# environment
HOME = C:\personal_git_repo
# environment
CHOCOLATEYTOOLSLOCATION = C:\tools
# environment
APPLICATION_INSIGHTS_NO_DIAGNOSTIC_CHANNEL = true
# environment
COMMONPROGRAMFILES = C:\Program Files (x86)\Common Files
# environment
LOGONSERVER = \\DESKTOP-MGUK4JU
# environment
ONEDRIVECONSUMER = C:\Users\satoru\OneDrive
# environment
VSCODE_HANDLES_UNCAUGHT_ERRORS = true
# environment
USERDOMAIN = DESKTOP-MGUK4JU
# default
MAKE = $(MAKE_COMMAND)
# default
MAKECMDGOALS := all
# environment
ONEDRIVECOMMERCIAL = C:\Users\satoru\OneDrive - lanecc.edu
# default
MAKE_VERSION := 3.81
# makefile
.DEFAULT_GOAL := 
# environment
PROGRAMFILES(X86) = C:\Program Files (x86)
# automatic
%D = $(patsubst %/,%,$(dir $%))
# environment
LOCALAPPDATA = C:\Users\satoru\AppData\Local
# environment
PSMODULEPATH = C:\Program Files\WindowsPowerShell\Modules;C:\WINDOWS\system32\WindowsPowerShell\v1.0\Modules
# default
MAKE_COMMAND := make.exe
# environment
PROCESSOR_ARCHITEW6432 = AMD64
# default
.VARIABLES := 
# automatic
*F = $(notdir $*)
# environment
PROCESSOR_IDENTIFIER = Intel64 Family 6 Model 126 Stepping 5, GenuineIntel
# environment
OS = Windows_NT
# environment
VSCODE_IPC_HOOK = \\.\pipe\f04776b5dd7559ac7c1b8909f04d5a54-1.57.1-main-sock
# environment
HOMEPATH = \Users\satoru
# environment
COMMONPROGRAMFILES(X86) = C:\Program Files (x86)\Common Files
# environment
PROMPT = $P$G
# environment
MFLAGS = -Rrqp
# automatic
*D = $(patsubst %/,%,$(dir $*))
# environment
SYSTEMROOT = C:\WINDOWS
# environment
_MSYS2_PREFIX = x86_64
# automatic
+D = $(patsubst %/,%,$(dir $+))
# automatic
+F = $(notdir $+)
# environment
APPDATA = C:\Users\satoru\AppData\Roaming
# environment
TEMP = C:\Users\satoru\AppData\Local\Temp
# environm 
ent
COMSPEC = C:\WINDOWS\system32\cmd.exe
# default
MAKEFILES := 
# automatic
<F = $(notdir $<)
# environment
LC_ALL = C
# automatic
^F = $(notdir $^)
# default
SUFFIXES := 
# environment
SYSTEMDRIVE = C:
# environment
SESSIONNAME = Console
# environment
PROCESSOR_REVISION = 7e05
# environment
VS140COMNTOOLS = C:\Program Files (x86)\Microsoft Visual Studio 14.0\Common7\Tools\
# environment
MAKELEVEL := 0
# environment
_MSYS2_BASH = C:\tools\msys64\usr\bin\bash.exe
# environment
LANG = C
# environment
PROCESSOR_LEVEL = 6
# environment
VSCODE_PID = 20692
# environment
USERDOMAIN_ROAMINGPROFILE = DESKTOP-MGUK4JU
# variable set hash-table stats:
# Load=96/1024=9%, Rehash=0, Collisions=9/113=8%

# Pattern-specific Variable Values

# No pattern-specific variable values.

# Directories

# C:\flutter\bin (key C:/flutter/bin, mtime 1624744297): 9 files, no impossibilities.
# C:\Program Files\heroku\bin (key C:/Program Files/heroku/bin, mtime 1623856593): 4 files, no impossibilities.
# C:\Program Files\7-Zip (key C:/Program Files/7-Zip, mtime 1614557219): 17 files, no impossibilities.
# C:\Program Files (x86)\Vim: could not be stat'd.
# C:\WINDOWS\System32\WindowsPowerShell\v1.0\ (key C:/WINDOWS/System32/WindowsPowerShell/v1.0/, mtime 1611573983): 32 files, no impossibilities.
# C:\WINDOWS\System32\Wbem (key C:/WINDOWS/System32/Wbem, mtime 1620896544): 155 files, no impossibilities.
# . (key c:/CS492_programming_assignments, mtime 1624757317): 4 files, no impossibilities.
# C:\Users\satoru\AppData\Local\Microsoft\Windows 
Apps (key C:/Users/satoru/AppData/Local/Microsoft/WindowsApps, mtime 1624007030): 29 files, no impossibilities.
# C:\Users\satoru\AppData\Local\Programs\Python\Python39\Scripts\ (key C:/Users/satoru/AppData/Local/Programs/Python/Python39/Scripts/, mtime 1623855731): 21 files, no impossibilities.
# C:\lua_files (key C:/lua_files, mtime 1607244102): 8 files, no impossibilities.
# C:\ProgramData\chocolatey\bin (key C:/ProgramData/chocolatey/bin, mtime 1617170383): 18 files, no impossibilities.
# C:\Program Files\nodejs\ (key C:/Program Files/nodejs/, mtime 1606642697): 11 files, no impossibilities.
# C:\MinGW\bin (key C:/MinGW/bin, mtime 1607591521): 142 files, no impossibilities.
# C:\WINDOWS\System32\OpenSSH\: could not be stat'd.
# C:\Program Files (x86)\Common Files\Oracle\Java\javapath (key C:/Program Files (x86)/Common Files/Oracle/Java/javapath, mtime 1624312874): 5 files, no impossibilities.
# C:\Users\satoru\AppData\Local\GitHubDesktop\bin (key C:/Users/satoru/AppData/Local/GitHubDesktop/bin, mtime 1602130983): 4 files, no impossibilities.
# C:\Program Files\Microsoft SQL Server\130\Tools\Binn\ (key C:/Program Files/Microsoft SQL Server/130/Tools/Binn/, mtime 1609964528): 4 files, no impossibilities.
# C:\WINDOWS (key C:/WINDOWS, mtime 1623249230): 128 files, no impossibilities.
# C:\tools\msys64 (key C:/tools/msys64, mtime 1617170543): 32 files, no impossibilities.
# C:\Users\satoru\AppData\Local\atom\bin (key C:/Users/satoru/AppData/Local/atom/bin, mtime 1601361176): 6 files, no impossibilities.
# C:\tools\ghc-9.0.1\bin (key C:/tools/ghc-9.0.1/bin, mtime 1617170384): 20 files, no impossibilities.
# C:\Program Files\Git\cmd (key C:/Program Files/Git/cmd, mtime 1608801254): 8 files, no impossibilities.
# C:\WINDOWS\system32 (key C:/WINDOWS/system32, mtime 1624638215): 2918 files, no impossibilities.
# C:\Users\satoru\AppData\Local\Programs\Microsoft VS Code\bin (key C:/Users/satoru/AppData/Local/Programs/Microsoft VS Code/bin, mtime 1623968644): 4 files, no impossibilities.
# C:\Users\satoru\AppData\Roaming 
\cabal\bin: could not be stat'd.
# C:\Program Files (x86)\PuTTY\ (key C:/Program Files (x86)/PuTTY/, mtime 1602483939): 12 files, no impossibilities.
# C:\Users\satoru\AppData\Roaming\npm (key C:/Users/satoru/AppData/Roaming/npm, mtime 1606642691): 2 files, no impossibilities.
# C:\Users\satoru\.dotnet\tools: could not be stat'd.
# C:\Users\satoru\AppData\Local\Programs\Python\Python39\ (key C:/Users/satoru/AppData/Local/Programs/Python/Python39/, mtime 1608778898): 18 files, no impossibilities.
# C:\Program Files (x86)\GnuWin32\bin (key C:/Program Files (x86)/GnuWin32/bin, mtime 1619415216): 5 files, no impossibilities.

# 3616 files, no impossibilities in 30 directories.

# Implicit Rules

# No implicit rules.

# Files

# Not a target:
all:
#  Command-line target.
#  Implicit rule search has been done.
#  File does not exist.
#  File has not been updated.
# variable set hash-table stats:
# Load=0/32=0%, Rehash=0, Collisions=0/0=0%

# Not a target:
.DEFAULT:
#  Implicit rule search has not been done.
#  Modification time never checked.
#  File has not been updated.

# Not a target:
makefile:
#  A default, MAKEFILES, or -include/sinclude makefile.
#  Implicit rule search has been done.
#  File does not exist.
#  File has been updated.
#  Failed to be updated.
# variable set hash-table stats:
# Load=0/32=0%, Rehash=0, Collisions=0/0=0%

# Not a target:
.SUFFIXES:
#  Implicit rule search has not been done.
#  Modification time never checked.
#  File has not been updated.

# Not a target:
GNUmakefile:
#  A default 
make.exe: *** No rule to make target `all'.  Stop.
 
, MAKEFILES, or -include/sinclude makefile.
#  Implicit rule search has been done.
#  File does not exist.
#  File has been updated.
#  Failed to be updated.
# variable set hash-table stats:
# Load=0/32=0%, Rehash=0, Collisions=0/0=0%

# files hash-table stats:
# Load=5/1024=0%, Rehash=0, Collisions=0/16=0%
# VPATH Search Paths

# No `vpath' search paths.

# No general (`VPATH' variable) search path.

# # of strings in strcache: 0
# # of strcache buffers: 0
# strcache size: total = 0 / max = 0 / min = 4096 / avg = 0
# strcache free: total = 0 / max = 0 / min = 4096 / avg = 0

# Finished Make data base on Sat Jun 26 18:28:38 2021

 
